[debug] [2020-06-08T20:10:25.525Z] ----------------------------------------------------------------------
[debug] [2020-06-08T20:10:25.541Z] Command:       C:\Program Files\nodejs\node.exe C:\Users\User\AppData\Roaming\npm\node_modules\firebase-tools\lib\bin\firebase.js serve
[debug] [2020-06-08T20:10:25.541Z] CLI Version:   8.4.2
[debug] [2020-06-08T20:10:25.541Z] Platform:      win32
[debug] [2020-06-08T20:10:25.541Z] Node Version:  v12.18.0
[debug] [2020-06-08T20:10:25.541Z] Time:          Mon Jun 08 2020 13:10:25 GMT-0700 (Pacific Daylight Time)
[debug] [2020-06-08T20:10:25.556Z] ----------------------------------------------------------------------
[debug] [2020-06-08T20:10:25.556Z] 
[debug] [2020-06-08T20:10:25.588Z] > command requires scopes: ["email","openid","https://www.googleapis.com/auth/cloudplatformprojects.readonly","https://www.googleapis.com/auth/firebase","https://www.googleapis.com/auth/cloud-platform"]
[debug] [2020-06-08T20:10:25.603Z] > authorizing via signed-in user
[debug] [2020-06-08T20:10:25.603Z] [iam] checking project firechat-db-eddie-efamily for permissions ["firebase.projects.get"]
[debug] [2020-06-08T20:10:25.620Z] >>> HTTP REQUEST POST https://cloudresourcemanager.googleapis.com/v1/projects/firechat-db-eddie-efamily:testIamPermissions  
 {"permissions":["firebase.projects.get"]}
[debug] [2020-06-08T20:10:29.447Z] <<< HTTP RESPONSE 200 {"content-type":"application/json; charset=UTF-8","vary":"X-Origin, Referer, Origin,Accept-Encoding","date":"Mon, 08 Jun 2020 11:15:44 GMT","server":"ESF","cache-control":"private","x-xss-protection":"0","x-frame-options":"SAMEORIGIN","x-content-type-options":"nosniff","server-timing":"gfet4t7; dur=1109","alt-svc":"h3-27=\":443\"; ma=2592000,h3-25=\":443\"; ma=2592000,h3-T050=\":443\"; ma=2592000,h3-Q050=\":443\"; ma=2592000,h3-Q049=\":443\"; ma=2592000,h3-Q048=\":443\"; ma=2592000,h3-Q046=\":443\"; ma=2592000,h3-Q043=\":443\"; ma=2592000,quic=\":443\"; ma=2592000; v=\"46,43\"","accept-ranges":"none","transfer-encoding":"chunked"}
[debug] [2020-06-08T20:10:29.462Z] >>> HTTP REQUEST GET https://firebase.googleapis.com/v1beta1/projects/firechat-db-eddie-efamily  
 
[debug] [2020-06-08T20:10:30.248Z] <<< HTTP RESPONSE 200 {"content-type":"application/json; charset=UTF-8","vary":"X-Origin, Referer, Origin,Accept-Encoding","date":"Mon, 08 Jun 2020 11:15:46 GMT","server":"ESF","cache-control":"private","x-xss-protection":"0","x-frame-options":"SAMEORIGIN","x-content-type-options":"nosniff","alt-svc":"h3-27=\":443\"; ma=2592000,h3-25=\":443\"; ma=2592000,h3-T050=\":443\"; ma=2592000,h3-Q050=\":443\"; ma=2592000,h3-Q049=\":443\"; ma=2592000,h3-Q048=\":443\"; ma=2592000,h3-Q046=\":443\"; ma=2592000,h3-Q043=\":443\"; ma=2592000,quic=\":443\"; ma=2592000; v=\"46,43\"","accept-ranges":"none","transfer-encoding":"chunked"}
[info] 
[info] === Serving from 'c:\xampp7.2\htdocs\firechat'...
[info] 
[debug] [2020-06-08T20:10:30.295Z] >>> HTTP REQUEST GET https://firebase.googleapis.com/v1beta1/projects/firechat-db-eddie-efamily/webApps/-/config  
 
[debug] [2020-06-08T20:10:31.212Z] <<< HTTP RESPONSE 200 {"content-type":"application/json; charset=UTF-8","vary":"X-Origin, Referer, Origin,Accept-Encoding","date":"Mon, 08 Jun 2020 11:15:46 GMT","server":"ESF","cache-control":"private","x-xss-protection":"0","x-frame-options":"SAMEORIGIN","x-content-type-options":"nosniff","alt-svc":"h3-27=\":443\"; ma=2592000,h3-25=\":443\"; ma=2592000,h3-T050=\":443\"; ma=2592000,h3-Q050=\":443\"; ma=2592000,h3-Q049=\":443\"; ma=2592000,h3-Q048=\":443\"; ma=2592000,h3-Q046=\":443\"; ma=2592000,h3-Q043=\":443\"; ma=2592000,quic=\":443\"; ma=2592000; v=\"46,43\"","accept-ranges":"none","transfer-encoding":"chunked"}
[warn] !  Your requested "node" version "8" doesn't match your global version "12" {"metadata":{"emulator":{"name":"functions"},"message":"Your requested \"node\" version \"8\" doesn't match your global version \"12\""}}
[info] i  hosting: Serving hosting files from: website {"metadata":{"emulator":{"name":"hosting"},"message":"Serving hosting files from: \u001b[1mwebsite\u001b[22m"}}
[info] +  hosting: Local server: http://localhost:5000 {"metadata":{"emulator":{"name":"hosting"},"message":"Local server: \u001b[4m\u001b[1mhttp://localhost:5000\u001b[22m\u001b[24m"}}
[info] i  functions: Watching "c:\xampp7.2\htdocs\firechat\functions" for Cloud Functions... {"metadata":{"emulator":{"name":"functions"},"message":"Watching \"c:\\xampp7.2\\htdocs\\firechat\\functions\" for Cloud Functions..."}}
[debug] [2020-06-08T20:10:32.751Z] [worker-pool] addWorker(~diagnostic~) {"metadata":{"emulator":{"name":"functions"},"message":"[worker-pool] addWorker(~diagnostic~)"}}
[debug] [2020-06-08T20:10:32.751Z] [worker-pool] Adding worker with key ~diagnostic~, total=1 {"metadata":{"emulator":{"name":"functions"},"message":"[worker-pool] Adding worker with key ~diagnostic~, total=1"}}
[debug] [2020-06-08T20:10:32.767Z] [worker-pool] submitWork(triggerId=) {"metadata":{"emulator":{"name":"functions"},"message":"[worker-pool] submitWork(triggerId=)"}}
[debug] [2020-06-08T20:10:32.767Z] [worker-~diagnostic~-5042a92f-d30d-4f2e-a3da-38126aa62833]: Assigning socketPath: \\?\pipe\c:\xampp7.2\htdocs\firechat\functions\12772 {"metadata":{"emulator":{"name":"functions"},"message":"[worker-~diagnostic~-5042a92f-d30d-4f2e-a3da-38126aa62833]: Assigning socketPath: \\\\?\\pipe\\c:\\xampp7.2\\htdocs\\firechat\\functions\\12772"}}
[debug] [2020-06-08T20:10:32.767Z] [worker-~diagnostic~-5042a92f-d30d-4f2e-a3da-38126aa62833]: BUSY {"metadata":{"emulator":{"name":"functions"},"message":"[worker-~diagnostic~-5042a92f-d30d-4f2e-a3da-38126aa62833]: BUSY"}}
[debug] [2020-06-08T20:10:35.187Z] [runtime-status] [12772] Functions runtime initialized. {"cwd":"c:\\xampp7.2\\htdocs\\firechat\\functions","node_version":"12.18.0"} {"metadata":{"emulator":{"name":"functions"},"message":"[runtime-status] [12772] Functions runtime initialized. {\"cwd\":\"c:\\\\xampp7.2\\\\htdocs\\\\firechat\\\\functions\",\"node_version\":\"12.18.0\"}"}}
[debug] [2020-06-08T20:10:35.220Z] [runtime-status] [12772] Disabled runtime features: undefined {"metadata":{"emulator":{"name":"functions"},"message":"[runtime-status] [12772] Disabled runtime features: undefined"}}
[debug] [2020-06-08T20:10:35.256Z] [runtime-status] [12772] Resolved module firebase-admin {"declared":true,"installed":true,"version":"8.12.1","resolution":"c:\\xampp7.2\\htdocs\\firechat\\functions\\node_modules\\firebase-admin\\lib\\index.js"} {"metadata":{"emulator":{"name":"functions"},"message":"[runtime-status] [12772] Resolved module firebase-admin {\"declared\":true,\"installed\":true,\"version\":\"8.12.1\",\"resolution\":\"c:\\\\xampp7.2\\\\htdocs\\\\firechat\\\\functions\\\\node_modules\\\\firebase-admin\\\\lib\\\\index.js\"}"}}
[debug] [2020-06-08T20:10:35.256Z] [runtime-status] [12772] Resolved module firebase-functions {"declared":true,"installed":true,"version":"3.6.2","resolution":"c:\\xampp7.2\\htdocs\\firechat\\functions\\node_modules\\firebase-functions\\lib\\index.js"} {"metadata":{"emulator":{"name":"functions"},"message":"[runtime-status] [12772] Resolved module firebase-functions {\"declared\":true,\"installed\":true,\"version\":\"3.6.2\",\"resolution\":\"c:\\\\xampp7.2\\\\htdocs\\\\firechat\\\\functions\\\\node_modules\\\\firebase-functions\\\\lib\\\\index.js\"}"}}
[debug] [2020-06-08T20:10:35.271Z] [runtime-status] [12772] Outgoing network have been stubbed. [{"name":"http","status":"mocked"},{"name":"http","status":"mocked"},{"name":"https","status":"mocked"},{"name":"https","status":"mocked"},{"name":"net","status":"mocked"}] {"metadata":{"emulator":{"name":"functions"},"message":"[runtime-status] [12772] Outgoing network have been stubbed. [{\"name\":\"http\",\"status\":\"mocked\"},{\"name\":\"http\",\"status\":\"mocked\"},{\"name\":\"https\",\"status\":\"mocked\"},{\"name\":\"https\",\"status\":\"mocked\"},{\"name\":\"net\",\"status\":\"mocked\"}]"}}
[debug] [2020-06-08T20:10:35.287Z] [runtime-status] [12772] Resolved module firebase-functions {"declared":true,"installed":true,"version":"3.6.2","resolution":"c:\\xampp7.2\\htdocs\\firechat\\functions\\node_modules\\firebase-functions\\lib\\index.js"} {"metadata":{"emulator":{"name":"functions"},"message":"[runtime-status] [12772] Resolved module firebase-functions {\"declared\":true,\"installed\":true,\"version\":\"3.6.2\",\"resolution\":\"c:\\\\xampp7.2\\\\htdocs\\\\firechat\\\\functions\\\\node_modules\\\\firebase-functions\\\\lib\\\\index.js\"}"}}
[debug] [2020-06-08T20:10:36.225Z] [runtime-status] [12772] Checked functions.config() {"config":{}} {"metadata":{"emulator":{"name":"functions"},"message":"[runtime-status] [12772] Checked functions.config() {\"config\":{}}"}}
[debug] [2020-06-08T20:10:36.225Z] [runtime-status] [12772] firebase-functions has been stubbed. {"functionsResolution":{"declared":true,"installed":true,"version":"3.6.2","resolution":"c:\\xampp7.2\\htdocs\\firechat\\functions\\node_modules\\firebase-functions\\lib\\index.js"}} {"metadata":{"emulator":{"name":"functions"},"message":"[runtime-status] [12772] firebase-functions has been stubbed. {\"functionsResolution\":{\"declared\":true,\"installed\":true,\"version\":\"3.6.2\",\"resolution\":\"c:\\\\xampp7.2\\\\htdocs\\\\firechat\\\\functions\\\\node_modules\\\\firebase-functions\\\\lib\\\\index.js\"}}"}}
[debug] [2020-06-08T20:10:36.225Z] [runtime-status] [12772] Resolved module firebase-functions {"declared":true,"installed":true,"version":"3.6.2","resolution":"c:\\xampp7.2\\htdocs\\firechat\\functions\\node_modules\\firebase-functions\\lib\\index.js"} {"metadata":{"emulator":{"name":"functions"},"message":"[runtime-status] [12772] Resolved module firebase-functions {\"declared\":true,\"installed\":true,\"version\":\"3.6.2\",\"resolution\":\"c:\\\\xampp7.2\\\\htdocs\\\\firechat\\\\functions\\\\node_modules\\\\firebase-functions\\\\lib\\\\index.js\"}"}}
[debug] [2020-06-08T20:10:36.225Z] [runtime-status] [12772] Resolved module firebase-admin {"declared":true,"installed":true,"version":"8.12.1","resolution":"c:\\xampp7.2\\htdocs\\firechat\\functions\\node_modules\\firebase-admin\\lib\\index.js"} {"metadata":{"emulator":{"name":"functions"},"message":"[runtime-status] [12772] Resolved module firebase-admin {\"declared\":true,\"installed\":true,\"version\":\"8.12.1\",\"resolution\":\"c:\\\\xampp7.2\\\\htdocs\\\\firechat\\\\functions\\\\node_modules\\\\firebase-admin\\\\lib\\\\index.js\"}"}}
[debug] [2020-06-08T20:10:36.225Z] [runtime-status] [12772] Resolved module firebase-functions {"declared":true,"installed":true,"version":"3.6.2","resolution":"c:\\xampp7.2\\htdocs\\firechat\\functions\\node_modules\\firebase-functions\\lib\\index.js"} {"metadata":{"emulator":{"name":"functions"},"message":"[runtime-status] [12772] Resolved module firebase-functions {\"declared\":true,\"installed\":true,\"version\":\"3.6.2\",\"resolution\":\"c:\\\\xampp7.2\\\\htdocs\\\\firechat\\\\functions\\\\node_modules\\\\firebase-functions\\\\lib\\\\index.js\"}"}}
[debug] [2020-06-08T20:10:36.241Z] [runtime-status] [12772] firebase-admin has been stubbed. {"adminResolution":{"declared":true,"installed":true,"version":"8.12.1","resolution":"c:\\xampp7.2\\htdocs\\firechat\\functions\\node_modules\\firebase-admin\\lib\\index.js"}} {"metadata":{"emulator":{"name":"functions"},"message":"[runtime-status] [12772] firebase-admin has been stubbed. {\"adminResolution\":{\"declared\":true,\"installed\":true,\"version\":\"8.12.1\",\"resolution\":\"c:\\\\xampp7.2\\\\htdocs\\\\firechat\\\\functions\\\\node_modules\\\\firebase-admin\\\\lib\\\\index.js\"}}"}}
[debug] [2020-06-08T20:10:36.288Z] [worker-~diagnostic~-5042a92f-d30d-4f2e-a3da-38126aa62833]: IDLE {"metadata":{"emulator":{"name":"functions"},"message":"[worker-~diagnostic~-5042a92f-d30d-4f2e-a3da-38126aa62833]: IDLE"}}
[info] i  hosting: 127.0.0.1 - - [08/Jun/2020:20:12:50 +0000] "GET / HTTP/1.1" 200 11922 "-" "Mozilla/5.0 (Windows NT 10.0; Win64; x64; rv:77.0) Gecko/20100101 Firefox/77.0" {"metadata":{"emulator":{"name":"hosting"},"message":"127.0.0.1 - - [08/Jun/2020:20:12:50 +0000] \"GET / HTTP/1.1\" 200 11922 \"-\" \"Mozilla/5.0 (Windows NT 10.0; Win64; x64; rv:77.0) Gecko/20100101 Firefox/77.0\""}}
